d:\2 курс\лабы\с++\lab5sem3\lab5sem3\x64\debug\vc143.pdb
d:\2 курс\лабы\с++\lab5sem3\lab5sem3\x64\debug\vc143.idb
d:\2 курс\лабы\с++\lab5sem3\lab5sem3\x64\debug\source.obj
d:\2 курс\лабы\с++\lab5sem3\lab5sem3\x64\debug\myexception.obj
d:\2 курс\лабы\с++\lab5sem3\lab5sem3\x64\debug\myexceptiondate.obj
d:\2 курс\лабы\с++\lab5sem3\lab5sem3\x64\debug\myexceptionstr.obj
d:\2 курс\лабы\с++\lab5sem3\lab5sem3\x64\debug\myfile.obj
d:\2 курс\лабы\с++\lab5sem3\x64\debug\lab5sem3.exe
d:\2 курс\лабы\с++\lab5sem3\lab5sem3\x64\debug\lab5sem3.ilk
d:\2 курс\лабы\с++\lab5sem3\x64\debug\lab5sem3.pdb
d:\2 курс\лабы\с++\lab5sem3\lab5sem3\x64\debug\file.obj
d:\2 курс\лабы\с++\lab5sem3\lab5sem3\x64\debug\source1.obj
d:\2 курс\лабы\с++\lab5sem3\lab5sem3\x64\debug\source2.obj
d:\2 курс\лабы\с++\lab5sem3\lab5sem3\x64\debug\source3.obj
d:\2 курс\лабы\с++\lab5sem3\lab5sem3\x64\debug\lab5sem3.tlog\cl.command.1.tlog
d:\2 курс\лабы\с++\lab5sem3\lab5sem3\x64\debug\lab5sem3.tlog\cl.read.1.tlog
d:\2 курс\лабы\с++\lab5sem3\lab5sem3\x64\debug\lab5sem3.tlog\cl.write.1.tlog
d:\2 курс\лабы\с++\lab5sem3\lab5sem3\x64\debug\lab5sem3.tlog\link.command.1.tlog
d:\2 курс\лабы\с++\lab5sem3\lab5sem3\x64\debug\lab5sem3.tlog\link.read.1.tlog
d:\2 курс\лабы\с++\lab5sem3\lab5sem3\x64\debug\lab5sem3.tlog\link.write.1.tlog
